\BOOKMARK [0][-]{section*.1}{فهرست تصاویر}{}% 1
\BOOKMARK [0][-]{section*.2}{فهرست جداول}{}% 2
\BOOKMARK [0][-]{section*.2}{فهرست الگوریتم‌ها}{}% 3
\BOOKMARK [0][-]{chapter*.4}{فهرست علائم اختصاری}{}% 4
\BOOKMARK [0][-]{chapter.1}{راهنمای استفاده از کلاس}{}% 5
\BOOKMARK [1][-]{section.1.1}{مقدمه}{chapter.1}% 6
\BOOKMARK [1][-]{section.1.2}{این همه فایل؟!}{chapter.1}% 7
\BOOKMARK [1][-]{section.1.3}{از کجا شروع کنم؟}{chapter.1}% 8
\BOOKMARK [1][-]{section.1.4}{مطالب پروژه را چطور بنویسم؟}{chapter.1}% 9
\BOOKMARK [2][-]{subsection.1.4.1}{نوشتن فصل‌ها}{section.1.4}% 10
\BOOKMARK [2][-]{subsection.1.4.2}{مراجع}{section.1.4}% 11
\BOOKMARK [2][-]{subsection.1.4.3}{واژه‌نامه فارسی به انگلیسی و برعکس}{section.1.4}% 12
\BOOKMARK [2][-]{subsection.1.4.4}{نمایه}{section.1.4}% 13
\BOOKMARK [1][-]{section.1.5}{اگر سوالی داشتم، از کی بپرسم؟}{chapter.1}% 14
\BOOKMARK [1][-]{section.1.6}{جمع‌بندی}{chapter.1}% 15
\BOOKMARK [0][-]{chapter.2}{آشنایی سریع با برخی دستورات لاتک}{}% 16
\BOOKMARK [1][-]{section.2.1}{بندها و زیرنویس‌ها}{chapter.2}% 17
\BOOKMARK [1][-]{section.2.2}{فرمول‌های ریاضی}{chapter.2}% 18
\BOOKMARK [2][-]{subsection.2.2.1}{یک زیربخش}{section.2.2}% 19
\BOOKMARK [1][-]{section.2.3}{نوشته‌های فارسی و انگلیسی مخلوط}{chapter.2}% 20
\BOOKMARK [1][-]{section.2.4}{افزودن تصویر به نوشته}{chapter.2}% 21
\BOOKMARK [1][-]{section.2.5}{محیط‌های شمارش و نکات}{chapter.2}% 22
\BOOKMARK [1][-]{section.2.6}{تعریف و قضیه}{chapter.2}% 23
\BOOKMARK [1][-]{section.2.7}{چگونگی نوشتن و ارجاع به مراجع}{chapter.2}% 24
\BOOKMARK [0][-]{appendix.Alph1}{مدیریت مراجع در لاتک}{}% 25
\BOOKMARK [1][-]{section.Alph1.1}{ مدیریت مراجع با BibTeX }{appendix.Alph1}% 26
\BOOKMARK [2][-]{subsection.Alph1.1.1}{سبک‌های فعلی قابل استفاده در زی‌پرشین}{section.Alph1.1}% 27
\BOOKMARK [2][-]{subsection.Alph1.1.2}{ نحوه استفاده از سبک‌های فارسی}{section.Alph1.1}% 28
\BOOKMARK [0][-]{appendix.Alph2}{‌جدول، نمودار و الگوریتم در لاتک}{}% 29
\BOOKMARK [1][-]{section.Alph2.1}{مدلهای حرکت دوبعدی}{appendix.Alph2}% 30
\BOOKMARK [1][-]{section.Alph2.2}{ماتریس}{appendix.Alph2}% 31
\BOOKMARK [1][-]{section.Alph2.3}{الگوریتم با دستورات فارسی}{appendix.Alph2}% 32
\BOOKMARK [1][-]{section.Alph2.4}{الگوریتم با دستورات لاتین}{appendix.Alph2}% 33
\BOOKMARK [1][-]{section.Alph2.5}{نمودار}{appendix.Alph2}% 34
\BOOKMARK [1][-]{section.Alph2.6}{تصویر}{appendix.Alph2}% 35
\BOOKMARK [0][-]{appendix*.6}{واژه‌نامه فارسی به انگلیسی}{}% 36
\BOOKMARK [0][-]{appendix*.7}{واژه‌نامه انگلیسی به فارسی}{}% 37
